\BOOKMARK [1][-]{section.1}{\376\377\000T\000e\000m\000p\000l\000a\000t\000e}{}% 1
\BOOKMARK [2][-]{subsection.1.1}{\376\377\000C\000+\000+\000\040\000T\000e\000m\000p\000l\000a\000t\000e}{section.1}% 2
\BOOKMARK [2][-]{subsection.1.2}{\376\377\000F\000a\000s\000t\000\040\000I\000/\000O\000\040\000T\000e\000m\000p\000l\000a\000t\000e}{section.1}% 3
\BOOKMARK [1][-]{section.2}{\376\377\000D\000a\000t\000a\000\040\000s\000t\000r\000u\000c\000t\000u\000r\000e\000s}{}% 4
\BOOKMARK [2][-]{subsection.2.1}{\376\377\000B\000I\000T}{section.2}% 5
\BOOKMARK [2][-]{subsection.2.2}{\376\377\000D\000S\000U}{section.2}% 6
\BOOKMARK [2][-]{subsection.2.3}{\376\377\000S\000p\000a\000r\000s\000e\000\040\000T\000a\000b\000l\000e}{section.2}% 7
\BOOKMARK [2][-]{subsection.2.4}{\376\377\000S\000e\000g\000m\000e\000n\000t\000\040\000t\000r\000e\000e}{section.2}% 8
\BOOKMARK [1][-]{section.3}{\376\377\000D\000y\000n\000a\000m\000i\000c\000\040\000P\000r\000o\000g\000r\000a\000m\000m\000i\000n\000g}{}% 9
\BOOKMARK [2][-]{subsection.3.1}{\376\377\000K\000n\000a\000p\000s\000a\000c\000k}{section.3}% 10
\BOOKMARK [2][-]{subsection.3.2}{\376\377\000L\000I\000S}{section.3}% 11
\BOOKMARK [2][-]{subsection.3.3}{\376\377\000E\000d\000i\000t\000\040\000D\000i\000s\000t\000a\000n\000c\000e}{section.3}% 12
\BOOKMARK [2][-]{subsection.3.4}{\376\377\000K\000a\000d\000a\000n\000e}{section.3}% 13
\BOOKMARK [1][-]{section.4}{\376\377\000S\000t\000r\000i\000n\000g\000s}{}% 14
\BOOKMARK [2][-]{subsection.4.1}{\376\377\000P\000r\000e\000f\000i\000x\000\040\000T\000r\000i\000e}{section.4}% 15
\BOOKMARK [2][-]{subsection.4.2}{\376\377\000H\000a\000s\000h\000i\000n\000g}{section.4}% 16
\BOOKMARK [2][-]{subsection.4.3}{\376\377\000K\000M\000P}{section.4}% 17
\BOOKMARK [2][-]{subsection.4.4}{\376\377\000L\000P\000S}{section.4}% 18
\BOOKMARK [2][-]{subsection.4.5}{\376\377\000Z\000-\000F\000U\000N\000C\000T\000I\000O\000N}{section.4}% 19
\BOOKMARK [1][-]{section.5}{\376\377\000G\000r\000a\000p\000h}{}% 20
\BOOKMARK [2][-]{subsection.5.1}{\376\377\000T\000a\000r\000j\000a\000n}{section.5}% 21
\BOOKMARK [2][-]{subsection.5.2}{\376\377\000B\000e\000l\000l\000m\000a\000n\000\040\000F\000o\000r\000d}{section.5}% 22
\BOOKMARK [2][-]{subsection.5.3}{\376\377\000S\000C\000C}{section.5}% 23
\BOOKMARK [2][-]{subsection.5.4}{\376\377\000B\000i\000p\000a\000r\000t\000i\000t\000e\000\040\000M\000a\000t\000c\000h\000i\000n\000g\000\040\000H\000o\000p\000c\000r\000o\000f\000t\000-\000K\000a\000r\000p}{section.5}% 24
\BOOKMARK [2][-]{subsection.5.5}{\376\377\000K\000o\000n\000i\000g\000\040\000T\000h\000e\000o\000r\000e\000m\000\040\000M\000i\000n\000\040\000V\000.\000C\000o\000v\000e\000r}{section.5}% 25
\BOOKMARK [2][-]{subsection.5.6}{\376\377\000H\000u\000n\000g\000a\000r\000i\000a\000n}{section.5}% 26
\BOOKMARK [2][-]{subsection.5.7}{\376\377\000F\000l\000o\000w}{section.5}% 27
\BOOKMARK [2][-]{subsection.5.8}{\376\377\000F\000o\000r\000d\000\040\000F\000u\000l\000k\000e\000r\000s\000o\000n}{section.5}% 28
\BOOKMARK [1][-]{section.6}{\376\377\000M\000a\000t\000h}{}% 29
\BOOKMARK [2][-]{subsection.6.1}{\376\377\000B\000I\000N\000A\000R\000Y\000\040\000P\000O\000W}{section.6}% 30
\BOOKMARK [2][-]{subsection.6.2}{\376\377\000C\000A\000T\000A\000L\000A\000N}{section.6}% 31
\BOOKMARK [2][-]{subsection.6.3}{\376\377\000C\000O\000M\000B\000I\000N\000A\000T\000O\000R\000I\000C\000S}{section.6}% 32
\BOOKMARK [2][-]{subsection.6.4}{\376\377\000E\000U\000C\000L\000I\000D\000E\000A\000N\000\040\000E\000X\000T\000E\000N\000D\000E\000D}{section.6}% 33
\BOOKMARK [2][-]{subsection.6.5}{\376\377\000E\000U\000L\000E\000R\000\040\000T\000O\000T\000I\000E\000N\000T}{section.6}% 34
\BOOKMARK [2][-]{subsection.6.6}{\376\377\000J\000O\000S\000E\000P\000H\000U\000S}{section.6}% 35
\BOOKMARK [2][-]{subsection.6.7}{\376\377\000M\000O\000B\000I\000U\000S}{section.6}% 36
\BOOKMARK [2][-]{subsection.6.8}{\376\377\000N\000T\000T}{section.6}% 37
\BOOKMARK [2][-]{subsection.6.9}{\376\377\000P\000R\000I\000M\000E\000\040\000F\000A\000C\000T\000O\000R\000I\000Z\000A\000T\000I\000O\000N}{section.6}% 38
\BOOKMARK [2][-]{subsection.6.10}{\376\377\000S\000I\000E\000V\000E}{section.6}% 39
\BOOKMARK [2][-]{subsection.6.11}{\376\377\000f\000f\000t}{section.6}% 40
\BOOKMARK [1][-]{section.7}{\376\377\000G\000e\000o\000m\000e\000t\000r\000y}{}% 41
\BOOKMARK [2][-]{subsection.7.1}{\376\377\000C\000O\000N\000V\000E\000X\000\040\000H\000U\000L\000L}{section.7}% 42
\BOOKMARK [2][-]{subsection.7.2}{\376\377\000O\000P\000E\000R\000A\000T\000I\000O\000N\000S}{section.7}% 43
\BOOKMARK [2][-]{subsection.7.3}{\376\377\000P\000O\000L\000Y\000G\000O\000N\000\040\000A\000R\000E\000A}{section.7}% 44
\BOOKMARK [2][-]{subsection.7.4}{\376\377\000R\000A\000Y\000\040\000C\000A\000S\000T\000I\000N\000G}{section.7}% 45
\BOOKMARK [1][-]{section.8}{\376\377\000T\000r\000e\000e\000s}{}% 46
\BOOKMARK [2][-]{subsection.8.1}{\376\377\000C\000e\000n\000t\000r\000o\000i\000d}{section.8}% 47
\BOOKMARK [2][-]{subsection.8.2}{\376\377\000L\000C\000A}{section.8}% 48
